<?xml version="1.0" encoding="UTF-8"?>
<!-- Generated by org.testng.reporters.JUnitXMLReporter -->
<testsuite hostname="LAPTOP-EHHH5ECB" name="Hub Spot Functional Test" tests="6" failures="2" timestamp="10 Jun 2020 10:49:51 GMT" time="88.988" errors="0">
  <testcase name="verifyLoginPageTitle" time="20.165" classname="com.qa.hubspot.tests.LoginPageTest"/>
  <testcase name="verifyHeaderTitleTest" time="0.111" classname="com.qa.hubspot.tests.HomePageTest">
    <failure type="java.lang.AssertionError" message="expected [Thanks for choosing HubSpot] but found [null]">
      <![CDATA[java.lang.AssertionError: expected [Thanks for choosing HubSpot] but found [null]
	at com.qa.hubspot.tests.HomePageTest.verifyHeaderTitleTest(HomePageTest.java:45)
... Removed 31 stack frames]]>
    </failure>
  </testcase> <!-- verifyHeaderTitleTest -->
  <testcase name="verifySignUpLink" time="0.548" classname="com.qa.hubspot.tests.LoginPageTest"/>
  <testcase name="clickContactsMenu" time="2.76" classname="com.qa.hubspot.tests.HomePageTest"/>
  <testcase name="doLogin" time="9.386" classname="com.qa.hubspot.tests.LoginPageTest">
    <failure type="java.lang.AssertionError" message="expected [Thanks for choosing HubSpot] but found [null]">
      <![CDATA[java.lang.AssertionError: expected [Thanks for choosing HubSpot] but found [null]
	at com.qa.hubspot.tests.LoginPageTest.doLogin(LoginPageTest.java:91)
... Removed 31 stack frames]]>
    </failure>
  </testcase> <!-- doLogin -->
  <testcase name="enableRememberMeCheckBox" time="0.066" classname="com.qa.hubspot.tests.LoginPageTest"/>
</testsuite> <!-- Hub Spot Functional Test -->
