<?xml version="1.0" encoding="UTF-8"?>
<!-- Generated by org.testng.reporters.JUnitXMLReporter -->
<testsuite hostname="LAPTOP-EHHH5ECB" name="Default test" tests="4" failures="0" timestamp="9 Jun 2020 07:53:02 GMT" time="105.845" errors="0">
  <testcase name="readTestData" time="4.294" classname="com.qa.hubspot.tests.ContactsPageTest"/>
  <testcase name="readTestData" time="4.708" classname="com.qa.hubspot.tests.ContactsPageTest"/>
  <testcase name="readTestData" time="5.702" classname="com.qa.hubspot.tests.ContactsPageTest"/>
  <testcase name="readTestData" time="4.006" classname="com.qa.hubspot.tests.ContactsPageTest"/>
</testsuite> <!-- Default test -->
