<?xml version="1.0" encoding="UTF-8"?>
<!-- Generated by org.testng.reporters.JUnitXMLReporter -->
<testsuite hostname="LAPTOP-EHHH5ECB" failures="0" tests="4" name="Default test" time="19.573" errors="0" timestamp="27 May 2020 06:53:45 GMT">
  <testcase classname="com.qa.hubspot.tests.LoginPageTest" name="verifyLoginPageTitle" time="8.8"/>
  <testcase classname="com.qa.hubspot.tests.LoginPageTest" name="verifySignUpLink" time="0.092"/>
  <testcase classname="com.qa.hubspot.tests.LoginPageTest" name="doLogin" time="0.708"/>
  <testcase classname="com.qa.hubspot.tests.LoginPageTest" name="enableRememberMeCheckBox" time="0.145"/>
</testsuite> <!-- Default test -->
