-------------------------------------------------------------------------------
Test set: TestSuite
-------------------------------------------------------------------------------
Tests run: 4, Failures: 1, Errors: 0, Skipped: 0, Time elapsed: 30.44 s <<< FAILURE! - in TestSuite
doLogin(com.qa.hubspot.tests.LoginPageTest)  Time elapsed: 6.819 s  <<< FAILURE!
java.lang.AssertionError: expected [Thanks for choosing HubSpot] but found [null]
	at com.qa.hubspot.tests.LoginPageTest.doLogin(LoginPageTest.java:76)

